C51 COMPILER V9.53.0.0   BREATH                                                            02/16/2021 14:57:44 PAGE 1   


C51 COMPILER V9.53.0.0, COMPILATION OF MODULE BREATH
OBJECT MODULE PLACED IN .\breath.obj
COMPILER INVOKED BY: d:\Keil_v5\C51\BIN\C51.EXE ..\APP\FRAME\breath.c OPTIMIZE(9,SPEED) BROWSE INCDIR(..\APP\FRAME;..\CO
                    -M;..\DRV;..\HAL;..\APP) DEBUG OBJECTEXTEND PRINT(.\Listings\breath.lst) TABS(2) OBJECT(.\breath.obj)

line level    source

   1          #include "breath.h"
   2          #include "timer.h"
   3          #include "fft.h"
   4          
   5          /**
   6           * hsvç»“æž„
   7           * vè¡¨ç¤ºäº®åº¦
   8           * sè¡¨ç¤ºé¢œè‰²æ·±åº¦
   9           * hè¡¨ç¤ºé¢œè‰²ç§ç±»
  10           * 
  11           * ç™¾åº¦æŸ¥çœ‹hsvæ¨¡åž‹ä¾¿å¯ä»¥çœ‹å‡º
  12           * hç”¨äºŽé€‰æ‹©é¢œè‰²ï¼Œå½“hæŒ‡å‘äº†ä¸€ç§é¢œè‰²ï¼Œè°ƒèŠ‚så¯ä»¥æ”¹å˜è¯¥é¢œè‰²çš„æ·±æµ…ï¼ˆå¯¹æ¯”åº¦ï¼‰ï
             -¼Œsè¶Šå¤§ï¼Œé¢œè‰²è¶Šæ·±ï¼Œsè¶Šå°ï¼Œé¢œè‰²è¶Šæµ…
  13           * våˆ™æ˜¯äº®åº¦
  14          */
  15          
  16          /**
  17           * å‘¼å¸
  18           * å¯ä»¥å¯¹hå‘¼å¸ï¼Œå¯ä»¥å¯¹vå‘¼å¸ï¼Œä¹Ÿå¯ä»¥å¯¹så‘¼å¸
  19           * hå‘¼å¸æŒ‡çš„æ˜¯é¢œè‰²æ¸å˜
  20           * så‘¼å¸æŒ‡çš„æ˜¯é¢œè‰²æ·±æµ…æ¸å˜
  21           * vè¡¨ç¤ºäº®åº¦æ¸å˜
  22           * 
  23           * ä¸€ä¸ªåŠ¨ç”»åªèƒ½å¯¹ä¸€ä¸ªç»´åº¦è¿›è¡Œå‘¼å¸
  24           * 
  25           * å‘¼-äº®
  26           * å¸-æš—
  27           * 
  28           * max æœ€å¤§å€¼       èŒƒå›´0-100
  29           * min æœ€å°å€¼       èŒƒå›´0-100
  30           * bright æ¸äº®é€Ÿåº¦ï¼ŒèŒƒå›´0-100
  31           * dark æ¸æš—é€Ÿåº¦ï¼Œ èŒƒå›´0-100
  32          */
  33          
  34          static bool __breath(uint8_t *obj, breath_t *breath, breath_type_t type, uint8_t max, uint8_t min, uint8_t
             - bright, uint8_t dark)
  35          {
  36   1          data bit state;
  37   1          data bool ret = false;
  38   1      
  39   1          if (breath->enable == false 
  40   1              || IS_TIME_TO(breath->interval) == false)
  41   1          {
  42   2              return false;
  43   2          }
  44   1      
  45   1          if (type == E_BREATH_TYPE_H)
  46   1          {
  47   2              state = breath->state_h;
  48   2          }
  49   1          else if (type == E_BREATH_TYPE_S)
  50   1          {
  51   2              state = breath->state_s;
  52   2          }
C51 COMPILER V9.53.0.0   BREATH                                                            02/16/2021 14:57:44 PAGE 2   

  53   1          else /*if (type == E_BREATH_TYPE_V)*/
  54   1          {
  55   2              state = breath->state_v;
  56   2      
  57   2              /**
  58   2               * æ­¤ä¸¾æ˜¯ä¸ºäº†è§†è§‰èˆ’é€‚
  59   2               * å¦‚æžœå½“å‰äº®åº¦çªç„¶è¢«è°ƒå¤§ï¼Œé‚£ä¹ˆåˆ‡æ¢åˆ°ä¸Šå‡è¿‡ç¨‹
  60   2               * å¦‚æžœå½“å‰äº®åº¦çªç„¶å˜å°ï¼Œé‚£ä¹ˆåˆ‡æ¢åˆ°ä¸‹é™è¿‡ç¨‹
  61   2              */
  62   2              if (*obj > breath->v_backup)
  63   2              {
  64   3                  state = true;
  65   3              }
  66   2              else if (*obj < breath->v_backup)
  67   2              {
  68   3                  state = false;
  69   3              }
  70   2          }
  71   1      
  72   1          if (state == false) //ä¸Šå‡
  73   1          {
  74   2              if (bright > 0)
  75   2              {
  76   3                  *obj += bright;
  77   3                  if (*obj >= max)
  78   3                  {
  79   4                      *obj = max;
  80   4                  }
  81   3              }
  82   2      
  83   2              if (*obj == max || bright == 0)
  84   2              {
  85   3                  state = true;
  86   3              }
  87   2          }
  88   1          else        //ä¸‹é™
  89   1          {
  90   2              if (dark > 0)
  91   2              {
  92   3                  if (*obj > dark)
  93   3                  {
  94   4                      *obj -= dark;
  95   4                  }
  96   3                  else
  97   3                  {
  98   4                      *obj = min;
  99   4                  }
 100   3              }
 101   2      
 102   2              if (*obj == min || dark == 0)
 103   2              {
 104   3                  state = false;
 105   3                  ret = true;
 106   3              }
 107   2          }
 108   1      
 109   1          if (type == E_BREATH_TYPE_H) { breath->state_h = state; }
 110   1          else if (type == E_BREATH_TYPE_S) { breath->state_s = state; }
 111   1          else /*if (type == E_BREATH_TYPE_V)*/ { breath->state_v = state; breath->v_backup = *obj; }
 112   1      
 113   1          return ret;
 114   1      }
C51 COMPILER V9.53.0.0   BREATH                                                            02/16/2021 14:57:44 PAGE 3   

 115          
 116          static void _breath_get_parm(uint8_t **obj, hsv_t *hsv, breath_t *breath, breath_type_t type, uint8_t *max
             -, uint8_t *min, uint8_t *d)
 117          {
 118   1          if (type == E_BREATH_TYPE_H)
 119   1          {
 120   2              *min = 0;
 121   2              *max = breath->max_h_level * 2;
 122   2              *d = breath->d_h;
 123   2              *obj = &hsv->h;
 124   2          }
 125   1          else if (type == E_BREATH_TYPE_S)
 126   1          {
 127   2              *max = 100;
 128   2              *min = 80;
 129   2              if (breath->min_s_level > 1) *min = 90;
 130   2              *d = breath->d_s;
 131   2              *obj = &hsv->s;
 132   2          }
 133   1          else /*if (type == E_BREATH_TYPE_V)*/
 134   1          {
 135   2              *min = 0;
 136   2              *max = breath->max_v;
 137   2              *d = breath->d_v;
 138   2              *obj = &hsv->v;
 139   2          }
 140   1      }
 141          
 142          bool breath_lamp(hsv_t *hsv, breath_t *breath, breath_type_t type)
 143          {
 144   1          data uint8_t *obj, max, min, d;
 145   1      
 146   1          _breath_get_parm(&obj, hsv, breath, type, &max, &min, &d);
 147   1      
 148   1          return __breath(obj, breath, type, max, min, d, d);
 149   1      }
 150          
 151          /**
 152           * ç®€è°æŒ¯åŠ¨å‘¼å¸
 153           * å¯¹hsvä¸­çš„æŸä¸ªç»´åº¦æ¨¡æ‹Ÿç®€è°æ•ˆæžœ
 154           * ç®€è°è¿åŠ¨å‘¨æœŸå…¬å¼T = 2*PI*sqrt(l*g)
 155           * å…¶ä¸­lä¸ºåŠç»³é•¿åº¦ï¼Œgä¸ºé‡åŠ›åŠ é€Ÿåº¦
 156           * åœ¨ç¯æ¡ä¸­ï¼Œsqrt(l*g)çš„å€¼å¯ä»¥ç”±hsvä¸­çš„ç»´åº¦æ¨¡æ‹Ÿ
 157           * 
 158           * æ¯ä¸ªå‘¼å¸å‘¨æœŸçš„å³°å€¼è®¡ç®—å…¬å¼ï¼šmax_v - n * (max_v / 5), nè¡¨ç¤ºç¬¬å‡ ä¸ªå‘¼å¸å‘¨æœŸï¼ˆn = 0
             -ï¼Œ 1ï¼Œ 2ï¼Œ 3ï¼Œ 4ï¼‰
 159           *     å‘¨æœŸå³°å€¼éœ€è¦åšå½’5åŒ–å¤„ç†ï¼Œä¹Ÿå°±æ˜¯è¦å½’åŒ–åˆ°5çš„å€æ•°é›†åˆä¸­ï¼Œä¸”å°½é‡ä¸å¤±çœŸ
 160           * 
 161           * ç®€è°è¿åŠ¨å°±æ˜¯åœ¨å›ºå®šçš„å‘¼å¸å‘¨æœŸæƒ…å†µä¸‹ï¼Œç»è¿‡å¤šæ¬¡ç­‰å‘¨æœŸå‘¼å¸ï¼Œé€æ¸ç”±äº®ç†„ç­
 162           * ä¸ºäº†è®©è§†è§‰èˆ’é€‚ï¼Œå½“ç”±äº®åˆ°ç­åŽï¼Œä¸‹ä¸€æ¬¡æ–°çš„è¿åŠ¨æ—¶ï¼Œä¸èƒ½ç«‹å³ä»Žäº®å¼€å§‹ï¼Œä¼šå
             -¾ˆæ™ƒçœ¼ç›ä¸èˆ’æœ
 163           * ä¸‹ä¸€æ¬¡æ–°çš„è¿åŠ¨æ—¶ï¼Œå¿…é¡»å†ä»Žç­åˆ°äº®
 164          */
 165          bool __harmonic_lamp(hsv_t *hsv, breath_t *breath, breath_type_t type, bool is_music, uint8_t fre_index, u
             -int8_t fre_div)
 166          {
 167   1          data uint8_t t, max, min, d, *obj, amplitude;
 168   1          data float av;
 169   1      
 170   1          _breath_get_parm(&obj, hsv, breath, type, &max, &min, &d);
 171   1      
 172   1          if (is_music && breath->harmonic_n == 0)
C51 COMPILER V9.53.0.0   BREATH                                                            02/16/2021 14:57:44 PAGE 4   

 173   1          {
 174   2              fft_div(fre_div);
 175   2              av = fft_amplitude_get(fre_index);
 176   2              av = av / 2.55;
 177   2              amplitude = av;
 178   2              if (amplitude < max)
 179   2              {
 180   3                  max = amplitude;
 181   3              }
 182   2              if (type == E_BREATH_TYPE_V)
 183   2              {
 184   3                  breath->max_v = max;
 185   3              }
 186   2          }
 187   1      
 188   1          d = 1;
 189   1      
 190   1          t = max / 10;
 191   1          max = max - breath->harmonic_n * (max / 5);
 192   1      
 193   1          if (t > 0)
 194   1          {
 195   2              d = max / t;
 196   2          }
 197   1      
 198   1          if (__breath(obj, breath, type, max, min, d, d))
 199   1          {
 200   2              breath->harmonic_n = breath->harmonic_n + 1;
 201   2              if (breath->harmonic_n == 5)
 202   2              {
 203   3                  breath->harmonic_n = 0;
 204   3                  if (is_music)
 205   3                  {
 206   4                      if (type == E_BREATH_TYPE_V)  breath->max_v = 0;
 207   4                  }
 208   3                  return true;
 209   3              }
 210   2          }
 211   1      
 212   1          return false;
 213   1      }
 214          
 215          /******************************* éŸ³ä¹ ********************************/
 216          
 217          bool breath_lamp_music(hsv_t *hsv, breath_t *breath, breath_type_t type, uint8_t fre_index, uint8_t fre_di
             -v)
 218          {
 219   1      #define max fre_index
 220   1      #define min fre_div
 221   1      #define d   type
 222   1          data uint8_t *obj;
 223   1          data uint8_t amplitude;
 224   1          data float av;
 225   1      
 226   1          if (breath->enable == false 
 227   1              || IS_TIME_TO(breath->interval) == false)
 228   1          {
 229   2              return false;
 230   2          }
 231   1      
 232   1          fft_div(fre_div);
 233   1          av = fft_amplitude_get(fre_index);
C51 COMPILER V9.53.0.0   BREATH                                                            02/16/2021 14:57:44 PAGE 5   

 234   1          av = av / 2.55;
 235   1          amplitude = av;
 236   1          _breath_get_parm(&obj, hsv, breath, type, &max, &min, &d);
 237   1      
 238   1          if (*obj < amplitude)
 239   1          {
 240   2              *obj += d;
 241   2              if (*obj > max) *obj = max;
 242   2          }
 243   1          else if (*obj > amplitude)
 244   1          {
 245   2              if (*obj > d) *obj -= d;
 246   2              else *obj = min;
 247   2      
 248   2              if (*obj < min) *obj = min;
 249   2          }
 250   1      
 251   1          return true;
 252   1      #undef max
 253   1      #undef min
 254   1      #undef d
 255   1      }


MODULE INFORMATION:   STATIC OVERLAYABLE
   CODE SIZE        =   1172    ----
   CONSTANT SIZE    =   ----    ----
   XDATA SIZE       =   ----    ----
   PDATA SIZE       =   ----    ----
   DATA SIZE        =   ----      80
   IDATA SIZE       =   ----    ----
   BIT SIZE         =   ----       1
END OF MODULE INFORMATION.


C51 COMPILATION COMPLETE.  0 WARNING(S),  0 ERROR(S)
