C51 COMPILER V9.53.0.0   DRV_UC1903_HS                                                     02/16/2021 14:57:48 PAGE 1   


C51 COMPILER V9.53.0.0, COMPILATION OF MODULE DRV_UC1903_HS
OBJECT MODULE PLACED IN .\drv_uc1903_hs.obj
COMPILER INVOKED BY: d:\Keil_v5\C51\BIN\C51.EXE ..\DRV\drv_uc1903_hs.c OPTIMIZE(9,SPEED) BROWSE INCDIR(..\APP\FRAME;..\C
                    -OM;..\DRV;..\HAL;..\APP) DEBUG OBJECTEXTEND PRINT(.\Listings\drv_uc1903_hs.lst) TABS(2) OBJECT(.\drv_uc1903_hs.obj)

line level    source

   1          #include "drv_uc1903_hs.h"
   2          #include "drv_delay.h"
   3          
   4          sbit led_pwm_pin = P3^3;
   5          
   6          #define DRV_LED_PIN_INIT()              P3M0 |= 0x08;P3M1 &= 0xF7
   7          #define DRV_LED_PIN_H()                 led_pwm_pin = 1
   8          #define DRV_LED_PIN_L()                 led_pwm_pin = 0
   9          
  10          void drv_uc1903hs_init(void)
  11          {
  12   1          data uint8_t drv_uc1903hs_reset_delay = 0;
  13   1          DRV_LED_PIN_INIT();
  14   1          DRV_LED_PIN_L();
  15   1          for (drv_uc1903hs_reset_delay = 0; 
  16   1              drv_uc1903hs_reset_delay < 50; 
  17   1              drv_uc1903hs_reset_delay ++)
  18   1          {
  19   2              drv_delay(200);
  20   2          }
  21   1      }
  22          
  23          void drv_uc1903hs_write_byte(uint8_t color)
  24          {
  25   1      #define __drv_uc1903hs_send_bit__(b) \
  26   1          if (b) \
  27   1          { \
  28   1              DRV_LED_PIN_H(); \
  29   1              _nop_(); _nop_(); _nop_(); _nop_(); \
  30   1              drv_delay(1); \
  31   1              DRV_LED_PIN_L(); \
  32   1              _nop_(); _nop_(); \
  33   1          } \
  34   1          else \
  35   1          { \
  36   1              DRV_LED_PIN_H(); \
  37   1              _nop_();_nop_();_nop_();_nop_();_nop_(); _nop_(); \
  38   1              DRV_LED_PIN_L(); \
  39   1              _nop_(); _nop_(); \
  40   1              drv_delay(1); \
  41   1          }
  42   1      
  43   1      #define __drv_uc1903hs_write_byte__(color) \
  44   1        __drv_uc1903hs_send_bit__(color & 0x80); \
  45   1          __drv_uc1903hs_send_bit__(color & 0x40); \
  46   1          __drv_uc1903hs_send_bit__(color & 0x20); \
  47   1          __drv_uc1903hs_send_bit__(color & 0x10); \
  48   1          __drv_uc1903hs_send_bit__(color & 0x08); \
  49   1          __drv_uc1903hs_send_bit__(color & 0x04); \
  50   1          __drv_uc1903hs_send_bit__(color & 0x02); \
  51   1          __drv_uc1903hs_send_bit__(color & 0x01);
  52   1      
  53   1          __drv_uc1903hs_write_byte__(color);
  54   1      
C51 COMPILER V9.53.0.0   DRV_UC1903_HS                                                     02/16/2021 14:57:48 PAGE 2   

  55   1      #undef _drv_uc1903hs_write_byte
  56   1      #undef __drv_uc1903hs_send_bit__
  57   1      }
  58          
  59          void drv_uc1903hs_write(uint8_t red, uint8_t green, uint8_t blue)
  60          {
  61   1          drv_uc1903hs_write_byte(blue);
  62   1          drv_uc1903hs_write_byte(red);
  63   1          drv_uc1903hs_write_byte(green);
  64   1      }


MODULE INFORMATION:   STATIC OVERLAYABLE
   CODE SIZE        =    395    ----
   CONSTANT SIZE    =   ----    ----
   XDATA SIZE       =   ----    ----
   PDATA SIZE       =   ----    ----
   DATA SIZE        =   ----       4
   IDATA SIZE       =   ----    ----
   BIT SIZE         =   ----    ----
END OF MODULE INFORMATION.


C51 COMPILATION COMPLETE.  0 WARNING(S),  0 ERROR(S)
