C51 COMPILER V9.53.0.0   DRV_DELAY                                                         02/16/2021 14:57:48 PAGE 1   


C51 COMPILER V9.53.0.0, COMPILATION OF MODULE DRV_DELAY
OBJECT MODULE PLACED IN .\drv_delay.obj
COMPILER INVOKED BY: d:\Keil_v5\C51\BIN\C51.EXE ..\DRV\drv_delay.c OPTIMIZE(9,SPEED) BROWSE INCDIR(..\APP\FRAME;..\COM;.
                    -.\DRV;..\HAL;..\APP) DEBUG OBJECTEXTEND PRINT(.\Listings\drv_delay.lst) TABS(2) OBJECT(.\drv_delay.obj)

line level    source

   1          #include "drv_delay.h"
   2          
   3          void drv_delay(uint16_t nop_cnt)
   4          {
   5   1          data uint16_t i = 0;
   6   1          for (i = 0; i < nop_cnt; i ++)
   7   1          {
   8   2              _nop_(); //35MB 76ns
   9   2          }
  10   1      }


MODULE INFORMATION:   STATIC OVERLAYABLE
   CODE SIZE        =     19    ----
   CONSTANT SIZE    =   ----    ----
   XDATA SIZE       =   ----    ----
   PDATA SIZE       =   ----    ----
   DATA SIZE        =   ----    ----
   IDATA SIZE       =   ----    ----
   BIT SIZE         =   ----    ----
END OF MODULE INFORMATION.


C51 COMPILATION COMPLETE.  0 WARNING(S),  0 ERROR(S)
