C51 COMPILER V9.53.0.0   FOUNTAIN_MUSIC                                                    02/16/2021 14:57:47 PAGE 1   


C51 COMPILER V9.53.0.0, COMPILATION OF MODULE FOUNTAIN_MUSIC
OBJECT MODULE PLACED IN .\fountain_music.obj
COMPILER INVOKED BY: d:\Keil_v5\C51\BIN\C51.EXE ..\APP\fountain_music.c OPTIMIZE(9,SPEED) BROWSE INCDIR(..\APP\FRAME;..\
                    -COM;..\DRV;..\HAL;..\APP) DEBUG OBJECTEXTEND PRINT(.\Listings\fountain_music.lst) TABS(2) OBJECT(.\fountain_music.obj)

line level    source

   1          #include "fountain_music.h"
   2          #include "cache.h"
   3          #include "typedef.h"
   4          #include "player.h"
   5          
   6          static void __fountain_music_set(flush_param_t *param, uint8_t action_index, uint8_t start, uint8_t end, p
             -osition_type_t position_type)
   7          {
   8   1          param->color_index = param->color_index % COLOR_HSV_ARRAY1_ROWS;
   9   1      
  10   1          if (param->fade_interval == 0)
  11   1              param->fade_type = E_FADE_TYPE_KEEP;
  12   1      
  13   1          if (param->is_static_color)
  14   1          {
  15   2              param->mode = E_FOUNTAIN_MUSIC_MODE_SINGLE;
  16   2          }
  17   1      
  18   1          actions[action_index].fre_index = 1;
  19   1          flush_fade_music_init(param, action_index, param->mode == E_FOUNTAIN_MUSIC_MODE_SINGLE);
  20   1      
  21   1          ctrl_set(param, 1, 1, 1, 2, action_index, start, end, position_type, 0, 0, 0);
  22   1      }
  23          
  24          void fountain_music_set(flush_param_t *param)
  25          {
  26   1          data uint8_t action_index = 0;
  27   1      
  28   1          switch (param->position)
  29   1          {
  30   2              case E_FOUNTAIN_MUSIC_POSITION_LEFT:
  31   2                  __fountain_music_set(param, action_index, 0, 49, E_POSITION_TYPE_MUSIC_MOVE_LEFT);
  32   2                  break;
  33   2              case E_FOUNTAIN_MUSIC_POSITION_RIGHT:
  34   2                  __fountain_music_set(param, action_index, 0, 49, E_POSITION_TYPE_MUSIC_MOVE_RIGHT);
  35   2                  break;
  36   2              case E_FOUNTAIN_MUSIC_POSITION_OPEN:
  37   2                  __fountain_music_set(param, action_index, 0, 24, E_POSITION_TYPE_MUSIC_MOVE_LEFT);
  38   2      
  39   2                  action_index ++;
  40   2                  __fountain_music_set(param, action_index, 25, 49, E_POSITION_TYPE_MUSIC_MOVE_RIGHT);
  41   2                  break;
  42   2              case E_FOUNTAIN_MUSIC_POSITION_CLOSE:
  43   2                  __fountain_music_set(param, action_index, 0, 24, E_POSITION_TYPE_MUSIC_MOVE_RIGHT);
  44   2      
  45   2                  action_index ++;
  46   2                  __fountain_music_set(param, action_index, 25, 49, E_POSITION_TYPE_MUSIC_MOVE_LEFT);
  47   2                  break;
  48   2              default:
  49   2                  break;
  50   2          }
  51   1      
  52   1          //把配置的action设置到播放器
  53   1          player_set(0, 0, action_index, 0, true);
C51 COMPILER V9.53.0.0   FOUNTAIN_MUSIC                                                    02/16/2021 14:57:47 PAGE 2   

  54   1      }


MODULE INFORMATION:   STATIC OVERLAYABLE
   CODE SIZE        =    277    ----
   CONSTANT SIZE    =   ----    ----
   XDATA SIZE       =   ----    ----
   PDATA SIZE       =   ----    ----
   DATA SIZE        =   ----      11
   IDATA SIZE       =   ----    ----
   BIT SIZE         =   ----    ----
END OF MODULE INFORMATION.


C51 COMPILATION COMPLETE.  0 WARNING(S),  0 ERROR(S)
