C51 COMPILER V9.53.0.0   INIT                                                              02/16/2021 14:57:45 PAGE 1   


C51 COMPILER V9.53.0.0, COMPILATION OF MODULE INIT
OBJECT MODULE PLACED IN .\init.obj
COMPILER INVOKED BY: d:\Keil_v5\C51\BIN\C51.EXE ..\APP\init.c OPTIMIZE(9,SPEED) BROWSE INCDIR(..\APP\FRAME;..\COM;..\DRV
                    -;..\HAL;..\APP) DEBUG OBJECTEXTEND PRINT(.\Listings\init.lst) TABS(2) OBJECT(.\init.obj)

line level    source

   1          #include "init.h"
   2          
   3          extern void play_test(void);
   4          
   5          void init(void)
   6          {
   7   1          ir_init();
   8   1          mic_init();
   9   1          play_init();
  10   1      
  11   1          //drv_uart_init(35000000, 115200);
  12   1      
  13   1          //play_test();
  14   1      }


MODULE INFORMATION:   STATIC OVERLAYABLE
   CODE SIZE        =      9    ----
   CONSTANT SIZE    =   ----    ----
   XDATA SIZE       =   ----    ----
   PDATA SIZE       =   ----    ----
   DATA SIZE        =   ----    ----
   IDATA SIZE       =   ----    ----
   BIT SIZE         =   ----    ----
END OF MODULE INFORMATION.


C51 COMPILATION COMPLETE.  0 WARNING(S),  0 ERROR(S)
