C51 COMPILER V9.53.0.0   INTERVAL                                                          02/16/2021 14:57:46 PAGE 1   


C51 COMPILER V9.53.0.0, COMPILATION OF MODULE INTERVAL
OBJECT MODULE PLACED IN .\interval.obj
COMPILER INVOKED BY: d:\Keil_v5\C51\BIN\C51.EXE ..\APP\interval.c OPTIMIZE(9,SPEED) BROWSE INCDIR(..\APP\FRAME;..\COM;..
                    -\DRV;..\HAL;..\APP) DEBUG OBJECTEXTEND PRINT(.\Listings\interval.lst) TABS(2) OBJECT(.\interval.obj)

line level    source

   1          #include "interval.h"
   2          #include "cache.h"
   3          #include "typedef.h"
   4          #include "player.h"
   5          
   6          static void __interval_set(flush_param_t *param, uint8_t action_index, uint8_t start, uint8_t end, positio
             -n_type_t position_type)
   7          {
   8   1          param->color_index = param->color_index % COLOR_HSV_ARRAY1_ROWS;
   9   1      
  10   1          if (param->fade_interval == 0)
  11   1              param->fade_type = E_FADE_TYPE_KEEP;
  12   1      
  13   1          if (param->is_static_color)
  14   1          {
  15   2              param->mode = E_INTERVAL_MODE_SINGLE;
  16   2          }
  17   1      
  18   1          flush_fade_init(param, action_index, param->mode == E_INTERVAL_MODE_SINGLE);
  19   1      
  20   1          ctrl_set(param, 10, 1, 1, 1, action_index, start, end, position_type, 0, 0, 0);
  21   1      }
  22          
  23          void interval_set(flush_param_t *param)
  24          {
  25   1          data uint8_t action_index = 0;
  26   1      
  27   1          switch (param->position)
  28   1          {
  29   2              case E_INTERVAL_POSITION_INTERVAL_B:
  30   2                  __interval_set(param, action_index, 0, 49, E_POSITION_TYPE_INTERVAL_B);
  31   2                  break;
  32   2              case E_INTERVAL_POSITION_INTERVAL_D:
  33   2                  __interval_set(param, action_index, 0, 49, E_POSITION_TYPE_INTERVAL_D);
  34   2                  break;
  35   2              default:
  36   2                  break;
  37   2          }
  38   1      
  39   1          //把配置的action设置到播放器
  40   1          player_set(0, 0, action_index, 0, true);
  41   1      }


MODULE INFORMATION:   STATIC OVERLAYABLE
   CODE SIZE        =    200    ----
   CONSTANT SIZE    =   ----    ----
   XDATA SIZE       =   ----    ----
   PDATA SIZE       =   ----    ----
   DATA SIZE        =   ----      11
   IDATA SIZE       =   ----    ----
   BIT SIZE         =   ----    ----
END OF MODULE INFORMATION.


C51 COMPILATION COMPLETE.  0 WARNING(S),  0 ERROR(S)
