C51 COMPILER V9.53.0.0   MAIN                                                              02/16/2021 14:57:46 PAGE 1   


C51 COMPILER V9.53.0.0, COMPILATION OF MODULE MAIN
OBJECT MODULE PLACED IN .\main.obj
COMPILER INVOKED BY: d:\Keil_v5\C51\BIN\C51.EXE ..\APP\main.c OPTIMIZE(9,SPEED) BROWSE INCDIR(..\APP\FRAME;..\COM;..\DRV
                    -;..\HAL;..\APP) DEBUG OBJECTEXTEND PRINT(.\Listings\main.lst) TABS(2) OBJECT(.\main.obj)

line level    source

   1          #include "init.h"
   2          
   3          int main(void)
   4          {
   5   1          init();
   6   1      
   7   1          while (1)
   8   1          {
   9   2              ir();
  10   2              fft();
  11   2              play();
  12   2          }
  13   1      
  14   1          //return 0;
  15   1      }


MODULE INFORMATION:   STATIC OVERLAYABLE
   CODE SIZE        =     14    ----
   CONSTANT SIZE    =   ----    ----
   XDATA SIZE       =   ----    ----
   PDATA SIZE       =   ----    ----
   DATA SIZE        =   ----    ----
   IDATA SIZE       =   ----    ----
   BIT SIZE         =   ----    ----
END OF MODULE INFORMATION.


C51 COMPILATION COMPLETE.  0 WARNING(S),  0 ERROR(S)
